<?xml version="1.0" encoding="UTF-8"?>
<!-- Generated by org.testng.reporters.JUnitReportReporter -->
<testsuite hostname="Akash" failures="0" tests="1" name="module_login_test.neostox_login_Testclass_1" time="105.068" errors="0" timestamp="2022-12-02T14:42:30 IST" skipped="0">
  <testcase classname="module_login_test.neostox_login_Testclass_1" name="varifyuser" time="105.068"/>
  <system-out/>
</testsuite> <!-- module_login_test.neostox_login_Testclass_1 -->
